<?xml version="1.0" encoding="UTF-8"?>
<testng-results ignored="0" total="2" passed="2" failed="0" skipped="0">
  <reporter-output>
  </reporter-output>
  <suite started-at="2024-02-23T20:42:54Z" name="Surefire suite" finished-at="2024-02-23T20:43:07Z" duration-ms="12817">
    <groups>
      <group name="Purchase">
        <method signature="SubmitOrderTest.submitOrder(java.util.HashMap)[pri:0, instance:TestCases.SubmitOrderTest@6e2c9341]" name="submitOrder" class="TestCases.SubmitOrderTest"/>
      </group> <!-- Purchase -->
    </groups>
    <test started-at="2024-02-23T20:42:54Z" name="Surefire test" finished-at="2024-02-23T20:43:07Z" duration-ms="12817">
      <class name="TestCases.SubmitOrderTest">
        <test-method is-config="true" signature="launchApplication()[pri:0, instance:TestCases.SubmitOrderTest@6e2c9341]" started-at="2024-02-23T20:42:54Z" name="launchApplication" finished-at="2024-02-23T20:43:00Z" duration-ms="5134" status="PASS">
          <reporter-output>
          </reporter-output>
        </test-method> <!-- launchApplication -->
        <test-method signature="submitOrder(java.util.HashMap)[pri:0, instance:TestCases.SubmitOrderTest@6e2c9341]" started-at="2024-02-23T20:43:00Z" name="submitOrder" finished-at="2024-02-23T20:43:01Z" duration-ms="1083" status="PASS">
          <params>
            <param index="0">
              <value>
                <![CDATA[{password=Iamking@000, product=ZARA COAT 3, email=anshika@gmail.com}]]>
              </value>
            </param>
          </params>
          <reporter-output>
          </reporter-output>
        </test-method> <!-- submitOrder -->
        <test-method is-config="true" signature="tearDown()[pri:0, instance:TestCases.SubmitOrderTest@6e2c9341]" started-at="2024-02-23T20:43:01Z" name="tearDown" finished-at="2024-02-23T20:43:01Z" duration-ms="64" status="PASS">
          <reporter-output>
          </reporter-output>
        </test-method> <!-- tearDown -->
        <test-method is-config="true" signature="launchApplication()[pri:0, instance:TestCases.SubmitOrderTest@6e2c9341]" started-at="2024-02-23T20:43:01Z" name="launchApplication" finished-at="2024-02-23T20:43:06Z" duration-ms="5242" status="PASS">
          <reporter-output>
          </reporter-output>
        </test-method> <!-- launchApplication -->
        <test-method signature="submitOrder(java.util.HashMap)[pri:0, instance:TestCases.SubmitOrderTest@6e2c9341]" started-at="2024-02-23T20:43:06Z" name="submitOrder" finished-at="2024-02-23T20:43:07Z" duration-ms="1054" status="PASS">
          <params>
            <param index="0">
              <value>
                <![CDATA[{password=Iamking@000, product=ADIDAS ORIGINAL, email=shetty@gmail.com}]]>
              </value>
            </param>
          </params>
          <reporter-output>
          </reporter-output>
        </test-method> <!-- submitOrder -->
        <test-method is-config="true" signature="tearDown()[pri:0, instance:TestCases.SubmitOrderTest@6e2c9341]" started-at="2024-02-23T20:43:07Z" name="tearDown" finished-at="2024-02-23T20:43:07Z" duration-ms="122" status="PASS">
          <reporter-output>
          </reporter-output>
        </test-method> <!-- tearDown -->
      </class> <!-- TestCases.SubmitOrderTest -->
    </test> <!-- Surefire test -->
  </suite> <!-- Surefire suite -->
</testng-results>
